<?xml version="1.0" encoding="UTF-8"?>
<beans xmlns:xsi="http://www.w3.org/2001/XMLSchema-instance"
       xmlns:context="http://www.springframework.org/schema/context"
       xmlns:tx="http://www.springframework.org/schema/tx"
	   xmlns="http://www.springframework.org/schema/beans"
       xsi:schemaLocation="http://www.springframework.org/schema/beans http://www.springframework.org/schema/beans/spring-beans-4.0.xsd
		http://www.springframework.org/schema/context http://www.springframework.org/schema/context/spring-context-4.0.xsd


		http://www.springframework.org/schema/tx http://www.springframework.org/schema/tx/spring-tx-4.0.xsd">

	<!-- DESENVOLVIMENTO -->

	<context:component-scan base-package="com.pmrodrigues.varejodigital"/>

	<bean id="dataSource" class="org.apache.commons.dbcp.BasicDataSource"
		destroy-method="close">
		<property name="driverClassName" value="${jdbc.driverClassName}" />
		<property name="url" value="${jdbc.url}" />
		<property name="username" value="${jdbc.username}" />
		<property name="password" value="${jdbc.password}" />
	</bean>

	<context:property-placeholder location="classpath:jdbc.properties" />


	<bean id="sessionFactory"
		class="org.springframework.orm.hibernate4.LocalSessionFactoryBean">
		<property name="dataSource" ref="dataSource" />
		<property name="hibernateProperties">
			<props>
				<prop key="hibernate.dialect">org.hibernate.dialect.MySQLInnoDBDialect</prop>
				<prop key="hibernate.show_sql">true</prop>
				<prop key="hibernate.format_sql">true</prop>
				<prop key="transaction.factory_class">org.hibernate.transaction.JDBCTransactionFactory</prop>
				<prop key="hibernate.hbm2ddl.auto">none</prop>
                <prop key="hibernate.order_updates">true</prop>
                <prop key="hibernate.jdbc.batch_size">50</prop>
                <prop key="hibernate.transaction.flush_before_completion">true</prop>
			</props>
		</property>

		<!-- spring based scanning for entity classes -->
		<property name="packagesToScan" value="com.pmrodrigues.varejodigital.models"/>

	</bean>

	<bean id="transactionManager"
		class="org.springframework.orm.hibernate4.HibernateTransactionManager">
		<property name="sessionFactory" ref="sessionFactory" />

	</bean>

	<tx:annotation-driven transaction-manager="transactionManager" />
	
</beans>
